<?xml version="1.0" encoding="UTF-8"?>
<!-- Generated by org.testng.reporters.JUnitReportReporter -->
<testsuite hostname="LAPTOP-1108SNCF" failures="0" tests="1" name="qaclickacademy.Mavenjava.RestAPITest" time="0.015" errors="0" timestamp="2020-12-16T18:24:19 IST" skipped="0">
  <testcase classname="qaclickacademy.Mavenjava.RestAPITest" name="deleteTwitter" time="0.015"/>
  <system-out/>
</testsuite> <!-- qaclickacademy.Mavenjava.RestAPITest -->
