<?xml version="1.0" encoding="UTF-8"?>
<!-- Generated by org.testng.reporters.JUnitReportReporter -->
<testsuite hostname="LAPTOP-1108SNCF" failures="0" tests="1" name="qaclickacademy.Mavenjava.AppiumTest" time="0.018" errors="0" timestamp="2020-12-16T18:24:41 IST" skipped="0">
  <testcase classname="qaclickacademy.Mavenjava.AppiumTest" name="IOSApp" time="0.018"/>
  <system-out/>
</testsuite> <!-- qaclickacademy.Mavenjava.AppiumTest -->
