<?xml version="1.0" encoding="UTF-8"?>
<!-- Generated by org.testng.reporters.JUnitReportReporter -->
<testsuite hostname="LAPTOP-1108SNCF" failures="0" tests="1" name="qaclickacademy.Mavenjava.SeleniumTest" time="0.017" errors="0" timestamp="2020-12-16T18:25:11 IST" skipped="0">
  <testcase classname="qaclickacademy.Mavenjava.SeleniumTest" name="elementsUi" time="0.017"/>
  <system-out/>
</testsuite> <!-- qaclickacademy.Mavenjava.SeleniumTest -->
